<?xml version="1.0" encoding="UTF-8"?>
<!-- Generated by org.testng.reporters.JUnitReportReporter -->
<testsuite hostname="AVAJ" failures="0" tests="1" name="com.wiproJuly.Testng.ExcelRead" time="49.693" errors="0" timestamp="2025-08-19T17:17:59 IST" skipped="0">
  <testcase classname="com.wiproJuly.Testng.ExcelRead" name="login" time="49.693"/>
</testsuite> <!-- com.wiproJuly.Testng.ExcelRead -->
