<?xml version="1.0" encoding="UTF-8"?>
<!-- Generated by org.testng.reporters.JUnitReportReporter -->
<testsuite hostname="AVAJ" failures="0" tests="2" name="com.wiproJuly.Testng.TestNgSkipTestcases" time="12.361" errors="0" timestamp="2025-08-16T15:14:58 IST" skipped="1">
  <testcase classname="com.wiproJuly.Testng.TestNgSkipTestcases" name="login" time="12.361"/>
  <testcase classname="com.wiproJuly.Testng.TestNgSkipTestcases" name="testcheckbox">
    <skipped/>
  </testcase> <!-- testcheckbox -->
</testsuite> <!-- com.wiproJuly.Testng.TestNgSkipTestcases -->
