<?xml version="1.0" encoding="UTF-8"?>
<!-- Generated by org.testng.reporters.JUnitReportReporter -->
<testsuite hostname="AVAJ" failures="0" tests="2" name="com.wiproJuly.Testng.TestNgDependency" time="18.551" errors="0" timestamp="2025-08-16T15:11:01 IST" skipped="0">
  <testcase classname="com.wiproJuly.Testng.TestNgDependency" name="testcheckbox" time="4.654"/>
  <testcase classname="com.wiproJuly.Testng.TestNgDependency" name="login" time="13.897"/>
</testsuite> <!-- com.wiproJuly.Testng.TestNgDependency -->
