<?xml version="1.0" encoding="UTF-8"?>
<!-- Generated by org.testng.reporters.JUnitReportReporter -->
<testsuite hostname="AVAJ" failures="0" tests="3" name="com.wiproJuly.Testng.TestNgGroups" time="0.014" errors="0" timestamp="2025-08-16T16:34:12 IST" skipped="0">
  <testcase classname="com.wiproJuly.Testng.TestNgGroups" name="testcase4" time="0.002"/>
  <testcase classname="com.wiproJuly.Testng.TestNgGroups" name="testcase1" time="0.010"/>
  <testcase classname="com.wiproJuly.Testng.TestNgGroups" name="testcase2" time="0.002"/>
</testsuite> <!-- com.wiproJuly.Testng.TestNgGroups -->
