<?xml version="1.0" encoding="UTF-8"?>
<!-- Generated by org.testng.reporters.JUnitReportReporter -->
<testsuite hostname="AVAJ" failures="0" tests="1" name="com.wiproJuly.Testng.TestNG_ListnersTestcases" time="13.164" errors="0" timestamp="2025-08-19T11:34:43 IST" skipped="0">
  <testcase classname="com.wiproJuly.Testng.TestNG_ListnersTestcases" name="testlogin" time="13.164"/>
</testsuite> <!-- com.wiproJuly.Testng.TestNG_ListnersTestcases -->
