<?xml version="1.0" encoding="UTF-8"?>
<!-- Generated by org.testng.reporters.JUnitReportReporter -->
<testsuite hostname="AVAJ" failures="0" tests="1" name="com.wiproJuly.Testng.TestNgjdbcDataFetch" time="52.241" errors="0" timestamp="2025-08-20T11:59:54 IST" skipped="0">
  <testcase classname="com.wiproJuly.Testng.TestNgjdbcDataFetch" name="readfromDBTest" time="52.241"/>
</testsuite> <!-- com.wiproJuly.Testng.TestNgjdbcDataFetch -->
