<?xml version="1.0" encoding="UTF-8"?>
<!-- Generated by org.testng.reporters.JUnitReportReporter -->
<testsuite hostname="AVAJ" failures="0" tests="2" name="com.wiproJuly.LabSession16thAug.SmokeTesting" time="0.010" errors="0" timestamp="2025-08-16T17:19:54 IST" skipped="0">
  <testcase classname="com.wiproJuly.LabSession16thAug.SmokeTesting" name="loginTest" time="0.008"/>
  <testcase classname="com.wiproJuly.LabSession16thAug.SmokeTesting" name="logoutTest" time="0.002"/>
</testsuite> <!-- com.wiproJuly.LabSession16thAug.SmokeTesting -->
