<?xml version="1.0" encoding="UTF-8"?>
<!-- Generated by org.testng.reporters.JUnitReportReporter -->
<testsuite hostname="AVAJ" failures="0" tests="1" name="com.wiproJuly.LabSession18thAug.LabAssignment4" time="43.766" errors="0" timestamp="2025-08-19T16:13:41 GMT+05:30" skipped="0">
  <testcase classname="com.wiproJuly.LabSession18thAug.LabAssignment4" name="mobile" time="43.766"/>
</testsuite> <!-- com.wiproJuly.LabSession18thAug.LabAssignment4 -->
