<?xml version="1.0" encoding="UTF-8"?>
<!-- Generated by org.testng.reporters.JUnitReportReporter -->
<testsuite hostname="AVAJ" failures="0" tests="3" name="com.wiproJuly.Testng.TestNgDataProvider" time="40.818" errors="0" timestamp="2025-08-20T09:29:34 IST" skipped="0">
  <testcase classname="com.wiproJuly.Testng.TestNgDataProvider" name="loginTest" time="13.402"/>
  <testcase classname="com.wiproJuly.Testng.TestNgDataProvider" name="loginTest" time="13.408"/>
  <testcase classname="com.wiproJuly.Testng.TestNgDataProvider" name="loginTest" time="14.008"/>
</testsuite> <!-- com.wiproJuly.Testng.TestNgDataProvider -->
