<?xml version="1.0" encoding="UTF-8"?>
<!-- Generated by org.testng.reporters.JUnitReportReporter -->
<testsuite hostname="AVAJ" failures="0" tests="7" name="com.capstoneProject.HealthCare.DemoTest" time="68.232" errors="0" timestamp="2025-09-06T12:02:12 IST" skipped="0">
  <testcase classname="com.capstoneProject.HealthCare.DemoTest" name="Registration" time="12.243"/>
  <testcase classname="com.capstoneProject.HealthCare.DemoTest" name="Login" time="16.946"/>
  <testcase classname="com.capstoneProject.HealthCare.DemoTest" name="HomePageBasicVerification" time="5.831"/>
  <testcase classname="com.capstoneProject.HealthCare.DemoTest" name="NavigationHoverTest" time="10.817"/>
  <testcase classname="com.capstoneProject.HealthCare.DemoTest" name="HealthProgramsDisplayTest" time="6.722"/>
  <testcase classname="com.capstoneProject.HealthCare.DemoTest" name="ResourceLinksTest" time="6.794"/>
  <testcase classname="com.capstoneProject.HealthCare.DemoTest" name="SearchFunctionalityTest" time="8.879"/>
</testsuite> <!-- com.capstoneProject.HealthCare.DemoTest -->
