<?xml version="1.0" encoding="UTF-8"?>
<!-- Generated by org.testng.reporters.JUnitReportReporter -->
<testsuite hostname="AVAJ" failures="0" tests="3" name="com.wiproJuly.Testng.TestAnnotations" time="0.015" errors="0" timestamp="2025-08-19T10:50:47 IST" skipped="0">
  <testcase classname="com.wiproJuly.Testng.TestAnnotations" name="testcase3" time="0.004"/>
  <testcase classname="com.wiproJuly.Testng.TestAnnotations" name="testcase2" time="0.003"/>
  <testcase classname="com.wiproJuly.Testng.TestAnnotations" name="testcase1" time="0.008"/>
</testsuite> <!-- com.wiproJuly.Testng.TestAnnotations -->
