<?xml version="1.0" encoding="UTF-8"?>
<!-- Generated by org.testng.reporters.JUnitReportReporter -->
<testsuite hostname="AVAJ" failures="0" tests="7" name="com.capstoneProject.HealthCare.HomePage" time="96.041" errors="0" timestamp="2025-09-07T22:50:01 IST" skipped="0">
  <testcase classname="com.capstoneProject.HealthCare.HomePage" name="Registration" time="18.706"/>
  <testcase classname="com.capstoneProject.HealthCare.HomePage" name="Login" time="19.289"/>
  <testcase classname="com.capstoneProject.HealthCare.HomePage" name="HomePageBasicVerification" time="8.238"/>
  <testcase classname="com.capstoneProject.HealthCare.HomePage" name="NavigationHoverTest" time="11.394"/>
  <testcase classname="com.capstoneProject.HealthCare.HomePage" name="HealthProgramsDisplayTest" time="10.551"/>
  <testcase classname="com.capstoneProject.HealthCare.HomePage" name="ResourceLinksTest" time="8.677"/>
  <testcase classname="com.capstoneProject.HealthCare.HomePage" name="SearchFunctionalityTest" time="19.186"/>
</testsuite> <!-- com.capstoneProject.HealthCare.HomePage -->
