<?xml version="1.0" encoding="UTF-8"?>
<!-- Generated by org.testng.reporters.JUnitReportReporter -->
<testsuite hostname="AVAJ" failures="0" tests="1" name="utilities.TestngTestCaseLog4j" time="11.206" errors="0" timestamp="2025-08-20T10:58:14 IST" skipped="0">
  <testcase classname="utilities.TestngTestCaseLog4j" name="login" time="11.206"/>
</testsuite> <!-- utilities.TestngTestCaseLog4j -->
