<?xml version="1.0" encoding="UTF-8"?>
<!-- Generated by org.testng.reporters.JUnitReportReporter -->
<testsuite hostname="AVAJ" failures="0" tests="2" name="com.wiproJuly.LabSession16thAug.GroupTesting" time="0.018" errors="0" timestamp="2025-08-19T09:41:33 IST" skipped="0">
  <testcase classname="com.wiproJuly.LabSession16thAug.GroupTesting" name="createUser" time="0.009"/>
  <testcase classname="com.wiproJuly.LabSession16thAug.GroupTesting" name="viewUser" time="0.009"/>
</testsuite> <!-- com.wiproJuly.LabSession16thAug.GroupTesting -->
