<?xml version="1.0" encoding="UTF-8"?>
<!-- Generated by org.testng.reporters.JUnitReportReporter -->
<testsuite hostname="AVAJ" failures="0" tests="1" name="com.wiproJuly.Testng.SoftAsserttion" time="12.451" errors="0" timestamp="2025-08-19T10:24:29 IST" skipped="0">
  <testcase classname="com.wiproJuly.Testng.SoftAsserttion" name="testlogin" time="12.451"/>
</testsuite> <!-- com.wiproJuly.Testng.SoftAsserttion -->
