<?xml version="1.0" encoding="UTF-8"?>
<!-- Generated by org.testng.reporters.JUnitReportReporter -->
<testsuite hostname="AVAJ" failures="0" tests="4" name="com.capstoneProject.HealthCare.ProgramPagesClickableResourcesTest" time="168.626" errors="0" timestamp="2025-09-07T22:50:01 IST" skipped="0">
  <testcase classname="com.capstoneProject.HealthCare.ProgramPagesClickableResourcesTest" name="validateTobaccoAndResourceClickable" time="38.481"/>
  <testcase classname="com.capstoneProject.HealthCare.ProgramPagesClickableResourcesTest" name="validateAHECScholarsAndResourceClickable" time="49.382"/>
  <testcase classname="com.capstoneProject.HealthCare.ProgramPagesClickableResourcesTest" name="validateHealthyAgingAndResourceClickable" time="42.600"/>
  <testcase classname="com.capstoneProject.HealthCare.ProgramPagesClickableResourcesTest" name="validateCoveringFloridaAndResourceClickable" time="38.163"/>
</testsuite> <!-- com.capstoneProject.HealthCare.ProgramPagesClickableResourcesTest -->
