<?xml version="1.0" encoding="UTF-8"?>
<!-- Generated by org.testng.reporters.JUnitReportReporter -->
<testsuite hostname="AVAJ" failures="0" tests="1" name="com.capstoneProject.HealthCare.ContactUsValidationTest" time="15.403" errors="0" timestamp="2025-09-07T22:56:09 IST" skipped="0">
  <testcase classname="com.capstoneProject.HealthCare.ContactUsValidationTest" name="validateContactUsPageFromNavigators" time="15.403"/>
</testsuite> <!-- com.capstoneProject.HealthCare.ContactUsValidationTest -->
