<?xml version="1.0" encoding="UTF-8"?>
<!-- Generated by org.testng.reporters.JUnitReportReporter -->
<testsuite hostname="AVAJ" failures="0" tests="2" name="com.wiproJuly.Testng.TestNgDependency" time="20.422" errors="0" timestamp="2025-08-23T11:14:09 GMT+05:30" skipped="0">
  <testcase classname="com.wiproJuly.Testng.TestNgDependency" name="login" time="13.525"/>
  <testcase classname="com.wiproJuly.Testng.TestNgDependency" name="testcheckbox" time="6.897"/>
</testsuite> <!-- com.wiproJuly.Testng.TestNgDependency -->
