<?xml version="1.0" encoding="UTF-8"?>
<!-- Generated by org.testng.reporters.JUnitReportReporter -->
<testsuite hostname="AVAJ" failures="0" tests="3" name="com.wiproJuly.Testng.TestAnnotations" time="0.004" errors="0" timestamp="2025-08-23T11:14:09 GMT+05:30" skipped="0">
  <testcase classname="com.wiproJuly.Testng.TestAnnotations" name="testcase1" time="0.001"/>
  <testcase classname="com.wiproJuly.Testng.TestAnnotations" name="testcase3" time="0.002"/>
  <testcase classname="com.wiproJuly.Testng.TestAnnotations" name="testcase2" time="0.001"/>
</testsuite> <!-- com.wiproJuly.Testng.TestAnnotations -->
