<?xml version="1.0" encoding="UTF-8"?>
<!-- Generated by org.testng.reporters.JUnitReportReporter -->
<testsuite hostname="AVAJ" failures="0" tests="1" name="utilities.TestngTestCaseLog4j" time="11.876" errors="0" timestamp="2025-08-23T11:14:09 GMT+05:30" skipped="0">
  <testcase classname="utilities.TestngTestCaseLog4j" name="login" time="11.876"/>
</testsuite> <!-- utilities.TestngTestCaseLog4j -->
