<?xml version="1.0" encoding="UTF-8"?>
<!-- Generated by org.testng.reporters.JUnitReportReporter -->
<testsuite hostname="AVAJ" failures="0" tests="1" name="com.wiproJuly.Testng.TestNG_ListnersTestcases" time="12.115" errors="0" timestamp="2025-08-23T11:14:09 GMT+05:30" skipped="0">
  <testcase classname="com.wiproJuly.Testng.TestNG_ListnersTestcases" name="testlogin" time="12.115"/>
</testsuite> <!-- com.wiproJuly.Testng.TestNG_ListnersTestcases -->
