<?xml version="1.0" encoding="UTF-8"?>
<!-- Generated by org.testng.reporters.JUnitReportReporter -->
<testsuite hostname="AVAJ" failures="0" tests="4" name="com.capstoneProject.HealthCare.ProgramPagesClickableResourcesTest" time="206.727" errors="0" timestamp="2025-09-07T22:56:09 IST" skipped="0">
  <testcase classname="com.capstoneProject.HealthCare.ProgramPagesClickableResourcesTest" name="validateTobaccoAndResourceClickable" time="42.352"/>
  <testcase classname="com.capstoneProject.HealthCare.ProgramPagesClickableResourcesTest" name="validateAHECScholarsAndResourceClickable" time="31.062"/>
  <testcase classname="com.capstoneProject.HealthCare.ProgramPagesClickableResourcesTest" name="validateHealthyAgingAndResourceClickable" time="64.132"/>
  <testcase classname="com.capstoneProject.HealthCare.ProgramPagesClickableResourcesTest" name="validateCoveringFloridaAndResourceClickable" time="69.181"/>
</testsuite> <!-- com.capstoneProject.HealthCare.ProgramPagesClickableResourcesTest -->
