<?xml version="1.0" encoding="UTF-8"?>
<!-- Generated by org.testng.reporters.JUnitReportReporter -->
<testsuite hostname="AVAJ" failures="0" tests="1" name="com.wiproJuly.Testng.TestNgjdbcDataFetch" time="51.779" errors="0" timestamp="2025-08-23T11:14:09 GMT+05:30" skipped="0">
  <testcase classname="com.wiproJuly.Testng.TestNgjdbcDataFetch" name="readfromDBTest" time="51.779"/>
</testsuite> <!-- com.wiproJuly.Testng.TestNgjdbcDataFetch -->
