<?xml version="1.0" encoding="UTF-8"?>
<!-- Generated by org.testng.reporters.JUnitReportReporter -->
<testsuite hostname="AVAJ" failures="0" tests="4" name="com.wiproJuly.Testng.TestNgGroups" time="0.002" errors="0" timestamp="2025-08-23T11:14:09 GMT+05:30" skipped="0">
  <testcase classname="com.wiproJuly.Testng.TestNgGroups" name="testcase2" time="0.001"/>
  <testcase classname="com.wiproJuly.Testng.TestNgGroups" name="testcase4" time="0.000"/>
  <testcase classname="com.wiproJuly.Testng.TestNgGroups" name="testcase3" time="0.000"/>
  <testcase classname="com.wiproJuly.Testng.TestNgGroups" name="testcase1" time="0.001"/>
</testsuite> <!-- com.wiproJuly.Testng.TestNgGroups -->
