<?xml version="1.0" encoding="UTF-8"?>
<!-- Generated by org.testng.reporters.JUnitReportReporter -->
<testsuite hostname="AVAJ" failures="0" tests="7" name="com.capstoneProject.HealthCare.HomePage" time="79.834" errors="0" timestamp="2025-09-07T22:56:09 IST" skipped="0">
  <testcase classname="com.capstoneProject.HealthCare.HomePage" name="Registration" time="14.453"/>
  <testcase classname="com.capstoneProject.HealthCare.HomePage" name="Login" time="17.705"/>
  <testcase classname="com.capstoneProject.HealthCare.HomePage" name="HomePageBasicVerification" time="10.689"/>
  <testcase classname="com.capstoneProject.HealthCare.HomePage" name="NavigationHoverTest" time="8.541"/>
  <testcase classname="com.capstoneProject.HealthCare.HomePage" name="HealthProgramsDisplayTest" time="7.625"/>
  <testcase classname="com.capstoneProject.HealthCare.HomePage" name="ResourceLinksTest" time="11.896"/>
  <testcase classname="com.capstoneProject.HealthCare.HomePage" name="SearchFunctionalityTest" time="8.925"/>
</testsuite> <!-- com.capstoneProject.HealthCare.HomePage -->
